{
"src\\app\\app.component.ts":{"path":"src\\app\\app.component.ts","statementMap":{"1":{"start":{"line":1,"column":0},"end":{"line":5,"column":22}},"2":{"start":{"line":6,"column":0},"end":{"line":6,"column":40}},"3":{"start":{"line":25,"column":25},"end":{"line":25,"column":0}},"4":{"start":{"line":28,"column":11},"end":{"line":28,"column":29}},"5":{"start":{"line":31,"column":9},"end":{"line":32,"column":3}},"6":{"start":{"line":34,"column":0},"end":{"line":34,"column":1}},"7":{"start":{"line":25,"column":13},"end":{"line":34,"column":1}},"8":{"start":{"line":25,"column":13},"end":{"line":25,"column":25}}},"fnMap":{"1":{"name":"(anonymous_0)","line":25,"loc":{"start":{"line":25,"column":25},"end":{"line":25,"column":0}}},"2":{"name":"AppComponent","line":28,"loc":{"start":{"line":28,"column":29},"end":{"line":29,"column":6}}},"3":{"name":"(anonymous_2)","line":31,"loc":{"start":{"line":31,"column":2},"end":{"line":32,"column":3}}}},"branchMap":{},"s":{"1":1,"2":1,"3":1,"4":0,"5":1,"6":1,"7":1,"8":1},"b":{},"f":{"1":1,"2":0,"3":0},"l":{"1":1,"6":1,"25":1,"28":0,"31":1,"34":1}},
"src\\app\\app.service.ts":{"path":"src\\app\\app.service.ts","statementMap":{"1":{"start":{"line":1,"column":0},"end":{"line":1,"column":42}},"2":{"start":{"line":8,"column":21},"end":{"line":8,"column":0}},"3":{"start":{"line":10,"column":9},"end":{"line":10,"column":41}},"4":{"start":{"line":15,"column":2},"end":{"line":17,"column":3}},"5":{"start":{"line":16,"column":4},"end":{"line":16,"column":50}},"6":{"start":{"line":22,"column":4},"end":{"line":22,"column":59}},"7":{"start":{"line":25,"column":9},"end":{"line":31,"column":3}},"8":{"start":{"line":29,"column":18},"end":{"line":29,"column":28}},"9":{"start":{"line":30,"column":4},"end":{"line":30,"column":60}},"10":{"start":{"line":33,"column":9},"end":{"line":38,"column":3}},"11":{"start":{"line":37,"column":4},"end":{"line":37,"column":37}},"12":{"start":{"line":40,"column":10},"end":{"line":45,"column":3}},"13":{"start":{"line":44,"column":4},"end":{"line":44,"column":48}},"14":{"start":{"line":46,"column":0},"end":{"line":46,"column":1}},"15":{"start":{"line":8,"column":13},"end":{"line":46,"column":1}},"16":{"start":{"line":8,"column":13},"end":{"line":8,"column":21}}},"fnMap":{"1":{"name":"(anonymous_0)","line":8,"loc":{"start":{"line":8,"column":21},"end":{"line":8,"column":0}}},"2":{"name":"AppState","line":7,"loc":{"start":{"line":7,"column":0},"end":{"line":46,"column":1}}},"3":{"name":"(anonymous_2)","line":15,"loc":{"start":{"line":15,"column":2},"end":{"line":17,"column":3}}},"4":{"name":"(anonymous_3)","line":21,"loc":{"start":{"line":21,"column":24},"end":{"line":23,"column":3}}},"5":{"name":"(anonymous_4)","line":25,"loc":{"start":{"line":25,"column":23},"end":{"line":31,"column":3}}},"6":{"name":"(anonymous_5)","line":33,"loc":{"start":{"line":33,"column":37},"end":{"line":38,"column":3}}},"7":{"name":"(anonymous_6)","line":40,"loc":{"start":{"line":40,"column":42},"end":{"line":45,"column":3}}}},"branchMap":{"1":{"line":30,"type":"cond-expr","locations":[{"start":{"line":30,"column":40},"end":{"line":30,"column":51}},{"start":{"line":30,"column":54},"end":{"line":30,"column":59}}]}},"s":{"1":1,"2":1,"3":1,"4":1,"5":0,"6":0,"7":1,"8":0,"9":0,"10":1,"11":0,"12":1,"13":0,"14":1,"15":1,"16":1},"b":{"1":[0,0]},"f":{"1":1,"2":1,"3":0,"4":0,"5":0,"6":0,"7":0},"l":{"1":1,"8":1,"10":1,"15":1,"16":0,"22":0,"25":1,"29":0,"30":0,"33":1,"37":0,"40":1,"44":0,"46":1}},
"src\\app\\common\\custom-resource-strings.component.ts":{"path":"src\\app\\common\\custom-resource-strings.component.ts","statementMap":{"1":{"start":{"line":1,"column":0},"end":{"line":1,"column":41}},"2":{"start":{"line":8,"column":43},"end":{"line":8,"column":0}},"3":{"start":{"line":12,"column":0},"end":{"line":12,"column":1}},"4":{"start":{"line":8,"column":13},"end":{"line":12,"column":1}},"5":{"start":{"line":8,"column":13},"end":{"line":8,"column":43}}},"fnMap":{"1":{"name":"(anonymous_0)","line":8,"loc":{"start":{"line":8,"column":43},"end":{"line":8,"column":0}}},"2":{"name":"CustomResourceStringsComponent","line":10,"loc":{"start":{"line":10,"column":2},"end":{"line":10,"column":19}}}},"branchMap":{},"s":{"1":1,"2":1,"3":1,"4":1,"5":1},"b":{},"f":{"1":1,"2":1},"l":{"1":1,"8":1,"12":1}},
"src\\app\\home\\home.component.ts":{"path":"src\\app\\home\\home.component.ts","statementMap":{"1":{"start":{"line":1,"column":0},"end":{"line":1,"column":40}},"2":{"start":{"line":2,"column":0},"end":{"line":5,"column":22}},"3":{"start":{"line":7,"column":0},"end":{"line":7,"column":41}},"4":{"start":{"line":17,"column":26},"end":{"line":17,"column":0}},"5":{"start":{"line":20,"column":11},"end":{"line":20,"column":29}},"6":{"start":{"line":20,"column":39},"end":{"line":20,"column":53}},"7":{"start":{"line":18,"column":9},"end":{"line":18,"column":36}},"8":{"start":{"line":23,"column":9},"end":{"line":28,"column":3}},"9":{"start":{"line":24,"column":4},"end":{"line":24,"column":42}},"10":{"start":{"line":30,"column":9},"end":{"line":33,"column":3}},"11":{"start":{"line":31,"column":4},"end":{"line":31,"column":38}},"12":{"start":{"line":32,"column":4},"end":{"line":32,"column":31}},"13":{"start":{"line":35,"column":9},"end":{"line":38,"column":3}},"14":{"start":{"line":36,"column":4},"end":{"line":36,"column":40}},"15":{"start":{"line":37,"column":4},"end":{"line":37,"column":44}},"16":{"start":{"line":39,"column":0},"end":{"line":39,"column":1}},"17":{"start":{"line":17,"column":13},"end":{"line":39,"column":1}},"18":{"start":{"line":17,"column":13},"end":{"line":17,"column":26}}},"fnMap":{"1":{"name":"(anonymous_0)","line":17,"loc":{"start":{"line":17,"column":26},"end":{"line":17,"column":0}}},"2":{"name":"HomeComponent","line":20,"loc":{"start":{"line":20,"column":53},"end":{"line":21,"column":6}}},"3":{"name":"(anonymous_2)","line":23,"loc":{"start":{"line":23,"column":2},"end":{"line":28,"column":3}}},"4":{"name":"(anonymous_3)","line":30,"loc":{"start":{"line":30,"column":34},"end":{"line":33,"column":3}}},"5":{"name":"(anonymous_4)","line":35,"loc":{"start":{"line":35,"column":2},"end":{"line":38,"column":3}}}},"branchMap":{},"s":{"1":1,"2":1,"3":1,"4":1,"5":1,"6":1,"7":1,"8":1,"9":1,"10":1,"11":0,"12":0,"13":1,"14":0,"15":0,"16":1,"17":1,"18":1},"b":{},"f":{"1":1,"2":1,"3":1,"4":0,"5":0},"l":{"1":1,"2":1,"7":1,"17":1,"18":1,"20":1,"23":1,"24":1,"30":1,"31":0,"32":0,"35":1,"36":0,"37":0,"39":1}},
"src\\app\\services\\tfi-data.service.ts":{"path":"src\\app\\services\\tfi-data.service.ts","statementMap":{"1":{"start":{"line":1,"column":0},"end":{"line":1,"column":42}},"2":{"start":{"line":4,"column":27},"end":{"line":4,"column":0}},"3":{"start":{"line":8,"column":0},"end":{"line":8,"column":1}},"4":{"start":{"line":4,"column":13},"end":{"line":8,"column":1}},"5":{"start":{"line":4,"column":13},"end":{"line":4,"column":27}}},"fnMap":{"1":{"name":"(anonymous_0)","line":4,"loc":{"start":{"line":4,"column":27},"end":{"line":4,"column":0}}},"2":{"name":"TfiDataService","line":6,"loc":{"start":{"line":6,"column":2},"end":{"line":6,"column":19}}}},"branchMap":{},"s":{"1":1,"2":1,"3":1,"4":1,"5":1},"b":{},"f":{"1":1,"2":1},"l":{"1":1,"4":1,"8":1}},
"src\\app\\services\\tfi-stateflow.service.ts":{"path":"src\\app\\services\\tfi-stateflow.service.ts","statementMap":{"1":{"start":{"line":1,"column":0},"end":{"line":1,"column":42}},"2":{"start":{"line":4,"column":32},"end":{"line":4,"column":0}},"3":{"start":{"line":8,"column":0},"end":{"line":8,"column":1}},"4":{"start":{"line":4,"column":13},"end":{"line":8,"column":1}},"5":{"start":{"line":4,"column":13},"end":{"line":4,"column":32}}},"fnMap":{"1":{"name":"(anonymous_0)","line":4,"loc":{"start":{"line":4,"column":32},"end":{"line":4,"column":0}}},"2":{"name":"TfiStateflowService","line":6,"loc":{"start":{"line":6,"column":2},"end":{"line":6,"column":19}}}},"branchMap":{},"s":{"1":1,"2":1,"3":1,"4":1,"5":1},"b":{},"f":{"1":1,"2":1},"l":{"1":1,"4":1,"8":1}},
"src\\app\\services\\ths-data.service.ts":{"path":"src\\app\\services\\ths-data.service.ts","statementMap":{"1":{"start":{"line":1,"column":0},"end":{"line":1,"column":42}},"2":{"start":{"line":4,"column":27},"end":{"line":4,"column":0}},"3":{"start":{"line":8,"column":0},"end":{"line":8,"column":1}},"4":{"start":{"line":4,"column":13},"end":{"line":8,"column":1}},"5":{"start":{"line":4,"column":13},"end":{"line":4,"column":27}}},"fnMap":{"1":{"name":"(anonymous_0)","line":4,"loc":{"start":{"line":4,"column":27},"end":{"line":4,"column":0}}},"2":{"name":"ThsDataService","line":6,"loc":{"start":{"line":6,"column":2},"end":{"line":6,"column":19}}}},"branchMap":{},"s":{"1":1,"2":1,"3":1,"4":1,"5":1},"b":{},"f":{"1":1,"2":1},"l":{"1":1,"4":1,"8":1}},
"src\\app\\services\\ths-stateflow.service.ts":{"path":"src\\app\\services\\ths-stateflow.service.ts","statementMap":{"1":{"start":{"line":1,"column":0},"end":{"line":1,"column":42}},"2":{"start":{"line":4,"column":32},"end":{"line":4,"column":0}},"3":{"start":{"line":8,"column":0},"end":{"line":8,"column":1}},"4":{"start":{"line":4,"column":13},"end":{"line":8,"column":1}},"5":{"start":{"line":4,"column":13},"end":{"line":4,"column":32}}},"fnMap":{"1":{"name":"(anonymous_0)","line":4,"loc":{"start":{"line":4,"column":32},"end":{"line":4,"column":0}}},"2":{"name":"ThsStateflowService","line":6,"loc":{"start":{"line":6,"column":2},"end":{"line":6,"column":19}}}},"branchMap":{},"s":{"1":1,"2":1,"3":1,"4":1,"5":1},"b":{},"f":{"1":1,"2":1},"l":{"1":1,"4":1,"8":1}},
"src\\app\\services\\ts-screener-data.service.ts":{"path":"src\\app\\services\\ts-screener-data.service.ts","statementMap":{"1":{"start":{"line":1,"column":0},"end":{"line":1,"column":42}},"2":{"start":{"line":4,"column":34},"end":{"line":4,"column":0}},"3":{"start":{"line":8,"column":0},"end":{"line":8,"column":1}},"4":{"start":{"line":4,"column":13},"end":{"line":8,"column":1}},"5":{"start":{"line":4,"column":13},"end":{"line":4,"column":34}}},"fnMap":{"1":{"name":"(anonymous_0)","line":4,"loc":{"start":{"line":4,"column":34},"end":{"line":4,"column":0}}},"2":{"name":"TsScreenerDataService","line":6,"loc":{"start":{"line":6,"column":2},"end":{"line":6,"column":19}}}},"branchMap":{},"s":{"1":1,"2":1,"3":1,"4":1,"5":1},"b":{},"f":{"1":1,"2":1},"l":{"1":1,"4":1,"8":1}},
"src\\app\\services\\ts-screener-stateflow.service.ts":{"path":"src\\app\\services\\ts-screener-stateflow.service.ts","statementMap":{"1":{"start":{"line":1,"column":0},"end":{"line":1,"column":42}},"2":{"start":{"line":4,"column":39},"end":{"line":4,"column":0}},"3":{"start":{"line":8,"column":0},"end":{"line":8,"column":1}},"4":{"start":{"line":4,"column":13},"end":{"line":8,"column":1}},"5":{"start":{"line":4,"column":13},"end":{"line":4,"column":39}}},"fnMap":{"1":{"name":"(anonymous_0)","line":4,"loc":{"start":{"line":4,"column":39},"end":{"line":4,"column":0}}},"2":{"name":"TsScreenerStateflowService","line":6,"loc":{"start":{"line":6,"column":2},"end":{"line":6,"column":19}}}},"branchMap":{},"s":{"1":1,"2":1,"3":1,"4":1,"5":1},"b":{},"f":{"1":1,"2":1},"l":{"1":1,"4":1,"8":1}},
"src\\app\\services\\utilities.service.ts":{"path":"src\\app\\services\\utilities.service.ts","statementMap":{"1":{"start":{"line":1,"column":0},"end":{"line":1,"column":42}},"2":{"start":{"line":4,"column":29},"end":{"line":4,"column":0}},"3":{"start":{"line":8,"column":0},"end":{"line":8,"column":1}},"4":{"start":{"line":4,"column":13},"end":{"line":8,"column":1}},"5":{"start":{"line":4,"column":13},"end":{"line":4,"column":29}}},"fnMap":{"1":{"name":"(anonymous_0)","line":4,"loc":{"start":{"line":4,"column":29},"end":{"line":4,"column":0}}},"2":{"name":"UtilitiesService","line":6,"loc":{"start":{"line":6,"column":2},"end":{"line":6,"column":19}}}},"branchMap":{},"s":{"1":1,"2":1,"3":1,"4":1,"5":1},"b":{},"f":{"1":1,"2":1},"l":{"1":1,"4":1,"8":1}},
"src\\app\\summary\\summary.component.ts":{"path":"src\\app\\summary\\summary.component.ts","statementMap":{"1":{"start":{"line":1,"column":0},"end":{"line":1,"column":49}},"2":{"start":{"line":8,"column":29},"end":{"line":8,"column":0}},"3":{"start":{"line":12,"column":9},"end":{"line":13,"column":3}},"4":{"start":{"line":15,"column":0},"end":{"line":15,"column":1}},"5":{"start":{"line":8,"column":13},"end":{"line":15,"column":1}},"6":{"start":{"line":8,"column":13},"end":{"line":8,"column":29}}},"fnMap":{"1":{"name":"(anonymous_0)","line":8,"loc":{"start":{"line":8,"column":29},"end":{"line":8,"column":0}}},"2":{"name":"SummaryComponent","line":10,"loc":{"start":{"line":10,"column":2},"end":{"line":10,"column":19}}},"3":{"name":"(anonymous_2)","line":12,"loc":{"start":{"line":12,"column":2},"end":{"line":13,"column":3}}}},"branchMap":{},"s":{"1":1,"2":1,"3":1,"4":1,"5":1,"6":1},"b":{},"f":{"1":1,"2":1,"3":1},"l":{"1":1,"8":1,"12":1,"15":1}},
"src\\app\\tfi\\tfi-question\\tfi-question.component.ts":{"path":"src\\app\\tfi\\tfi-question\\tfi-question.component.ts","statementMap":{"1":{"start":{"line":1,"column":0},"end":{"line":1,"column":49}},"2":{"start":{"line":8,"column":33},"end":{"line":8,"column":0}},"3":{"start":{"line":12,"column":9},"end":{"line":13,"column":3}},"4":{"start":{"line":15,"column":0},"end":{"line":15,"column":1}},"5":{"start":{"line":8,"column":13},"end":{"line":15,"column":1}},"6":{"start":{"line":8,"column":13},"end":{"line":8,"column":33}}},"fnMap":{"1":{"name":"(anonymous_0)","line":8,"loc":{"start":{"line":8,"column":33},"end":{"line":8,"column":0}}},"2":{"name":"TfiQuestionComponent","line":10,"loc":{"start":{"line":10,"column":2},"end":{"line":10,"column":19}}},"3":{"name":"(anonymous_2)","line":12,"loc":{"start":{"line":12,"column":2},"end":{"line":13,"column":3}}}},"branchMap":{},"s":{"1":1,"2":1,"3":1,"4":1,"5":1,"6":1},"b":{},"f":{"1":1,"2":1,"3":1},"l":{"1":1,"8":1,"12":1,"15":1}},
"src\\app\\tfi\\tfi.component.ts":{"path":"src\\app\\tfi\\tfi.component.ts","statementMap":{"1":{"start":{"line":1,"column":0},"end":{"line":1,"column":49}},"2":{"start":{"line":8,"column":25},"end":{"line":8,"column":0}},"3":{"start":{"line":12,"column":9},"end":{"line":13,"column":3}},"4":{"start":{"line":15,"column":0},"end":{"line":15,"column":1}},"5":{"start":{"line":8,"column":13},"end":{"line":15,"column":1}},"6":{"start":{"line":8,"column":13},"end":{"line":8,"column":25}}},"fnMap":{"1":{"name":"(anonymous_0)","line":8,"loc":{"start":{"line":8,"column":25},"end":{"line":8,"column":0}}},"2":{"name":"TfiComponent","line":10,"loc":{"start":{"line":10,"column":2},"end":{"line":10,"column":19}}},"3":{"name":"(anonymous_2)","line":12,"loc":{"start":{"line":12,"column":2},"end":{"line":13,"column":3}}}},"branchMap":{},"s":{"1":1,"2":1,"3":1,"4":1,"5":1,"6":1},"b":{},"f":{"1":1,"2":1,"3":1},"l":{"1":1,"8":1,"12":1,"15":1}},
"src\\app\\thank-you\\thank-you.component.ts":{"path":"src\\app\\thank-you\\thank-you.component.ts","statementMap":{"1":{"start":{"line":1,"column":0},"end":{"line":1,"column":49}},"2":{"start":{"line":2,"column":0},"end":{"line":2,"column":40}},"3":{"start":{"line":11,"column":30},"end":{"line":11,"column":0}},"4":{"start":{"line":15,"column":22},"end":{"line":15,"column":36}},"5":{"start":{"line":13,"column":10},"end":{"line":13,"column":52}},"6":{"start":{"line":17,"column":9},"end":{"line":19,"column":3}},"7":{"start":{"line":18,"column":4},"end":{"line":18,"column":44}},"8":{"start":{"line":21,"column":10},"end":{"line":23,"column":3}},"9":{"start":{"line":22,"column":4},"end":{"line":22,"column":39}},"10":{"start":{"line":25,"column":10},"end":{"line":27,"column":3}},"11":{"start":{"line":26,"column":4},"end":{"line":26,"column":39}},"12":{"start":{"line":29,"column":0},"end":{"line":29,"column":1}},"13":{"start":{"line":11,"column":13},"end":{"line":29,"column":1}},"14":{"start":{"line":11,"column":13},"end":{"line":11,"column":30}}},"fnMap":{"1":{"name":"(anonymous_0)","line":11,"loc":{"start":{"line":11,"column":30},"end":{"line":11,"column":0}}},"2":{"name":"ThankYouComponent","line":15,"loc":{"start":{"line":15,"column":36},"end":{"line":15,"column":40}}},"3":{"name":"(anonymous_2)","line":17,"loc":{"start":{"line":17,"column":2},"end":{"line":19,"column":3}}},"4":{"name":"(anonymous_3)","line":21,"loc":{"start":{"line":21,"column":2},"end":{"line":23,"column":3}}},"5":{"name":"(anonymous_4)","line":25,"loc":{"start":{"line":25,"column":2},"end":{"line":27,"column":3}}}},"branchMap":{},"s":{"1":1,"2":1,"3":1,"4":1,"5":1,"6":1,"7":1,"8":1,"9":0,"10":1,"11":0,"12":1,"13":1,"14":1},"b":{},"f":{"1":1,"2":1,"3":1,"4":0,"5":0},"l":{"1":1,"2":1,"11":1,"13":1,"15":1,"17":1,"18":1,"21":1,"22":0,"25":1,"26":0,"29":1}},
"src\\app\\logo\\logo.component.ts":{"path":"src\\app\\logo\\logo.component.ts","statementMap":{"1":{"start":{"line":1,"column":0},"end":{"line":1,"column":41}},"2":{"start":{"line":2,"column":0},"end":{"line":2,"column":40}},"3":{"start":{"line":12,"column":26},"end":{"line":12,"column":0}},"4":{"start":{"line":15,"column":24},"end":{"line":15,"column":38}},"5":{"start":{"line":13,"column":11},"end":{"line":13,"column":46}},"6":{"start":{"line":16,"column":11},"end":{"line":19,"column":5}},"7":{"start":{"line":17,"column":8},"end":{"line":17,"column":43}},"8":{"start":{"line":18,"column":8},"end":{"line":18,"column":42}},"9":{"start":{"line":20,"column":0},"end":{"line":20,"column":1}},"10":{"start":{"line":12,"column":13},"end":{"line":20,"column":1}},"11":{"start":{"line":12,"column":13},"end":{"line":12,"column":26}}},"fnMap":{"1":{"name":"(anonymous_0)","line":12,"loc":{"start":{"line":12,"column":26},"end":{"line":12,"column":0}}},"2":{"name":"LogoComponent","line":15,"loc":{"start":{"line":15,"column":38},"end":{"line":15,"column":42}}},"3":{"name":"(anonymous_2)","line":16,"loc":{"start":{"line":16,"column":4},"end":{"line":19,"column":5}}}},"branchMap":{},"s":{"1":1,"2":1,"3":1,"4":0,"5":0,"6":1,"7":0,"8":0,"9":1,"10":1,"11":1},"b":{},"f":{"1":1,"2":0,"3":0},"l":{"1":1,"2":1,"12":1,"13":0,"15":0,"16":1,"17":0,"18":0,"20":1}},
"src\\app\\ths\\ths-question\\ths-question.component.ts":{"path":"src\\app\\ths\\ths-question\\ths-question.component.ts","statementMap":{"1":{"start":{"line":1,"column":0},"end":{"line":1,"column":49}},"2":{"start":{"line":8,"column":33},"end":{"line":8,"column":0}},"3":{"start":{"line":12,"column":9},"end":{"line":13,"column":3}},"4":{"start":{"line":15,"column":0},"end":{"line":15,"column":1}},"5":{"start":{"line":8,"column":13},"end":{"line":15,"column":1}},"6":{"start":{"line":8,"column":13},"end":{"line":8,"column":33}}},"fnMap":{"1":{"name":"(anonymous_0)","line":8,"loc":{"start":{"line":8,"column":33},"end":{"line":8,"column":0}}},"2":{"name":"ThsQuestionComponent","line":10,"loc":{"start":{"line":10,"column":2},"end":{"line":10,"column":19}}},"3":{"name":"(anonymous_2)","line":12,"loc":{"start":{"line":12,"column":2},"end":{"line":13,"column":3}}}},"branchMap":{},"s":{"1":1,"2":1,"3":1,"4":1,"5":1,"6":1},"b":{},"f":{"1":1,"2":1,"3":1},"l":{"1":1,"8":1,"12":1,"15":1}},
"src\\app\\ths\\ths.component.ts":{"path":"src\\app\\ths\\ths.component.ts","statementMap":{"1":{"start":{"line":1,"column":0},"end":{"line":1,"column":49}},"2":{"start":{"line":8,"column":25},"end":{"line":8,"column":0}},"3":{"start":{"line":12,"column":9},"end":{"line":13,"column":3}},"4":{"start":{"line":15,"column":0},"end":{"line":15,"column":1}},"5":{"start":{"line":8,"column":13},"end":{"line":15,"column":1}},"6":{"start":{"line":8,"column":13},"end":{"line":8,"column":25}}},"fnMap":{"1":{"name":"(anonymous_0)","line":8,"loc":{"start":{"line":8,"column":25},"end":{"line":8,"column":0}}},"2":{"name":"ThsComponent","line":10,"loc":{"start":{"line":10,"column":2},"end":{"line":10,"column":19}}},"3":{"name":"(anonymous_2)","line":12,"loc":{"start":{"line":12,"column":2},"end":{"line":13,"column":3}}}},"branchMap":{},"s":{"1":1,"2":1,"3":1,"4":1,"5":1,"6":1},"b":{},"f":{"1":1,"2":1,"3":1},"l":{"1":1,"8":1,"12":1,"15":1}},
"src\\app\\ts-screener\\ts-screener-question\\ts-screener-question.component.ts":{"path":"src\\app\\ts-screener\\ts-screener-question\\ts-screener-question.component.ts","statementMap":{"1":{"start":{"line":1,"column":0},"end":{"line":1,"column":49}},"2":{"start":{"line":8,"column":40},"end":{"line":8,"column":0}},"3":{"start":{"line":12,"column":9},"end":{"line":13,"column":3}},"4":{"start":{"line":15,"column":0},"end":{"line":15,"column":1}},"5":{"start":{"line":8,"column":13},"end":{"line":15,"column":1}},"6":{"start":{"line":8,"column":13},"end":{"line":8,"column":40}}},"fnMap":{"1":{"name":"(anonymous_0)","line":8,"loc":{"start":{"line":8,"column":40},"end":{"line":8,"column":0}}},"2":{"name":"TsScreenerQuestionComponent","line":10,"loc":{"start":{"line":10,"column":2},"end":{"line":10,"column":19}}},"3":{"name":"(anonymous_2)","line":12,"loc":{"start":{"line":12,"column":2},"end":{"line":13,"column":3}}}},"branchMap":{},"s":{"1":1,"2":1,"3":1,"4":1,"5":1,"6":1},"b":{},"f":{"1":1,"2":1,"3":1},"l":{"1":1,"8":1,"12":1,"15":1}},
"src\\app\\ts-screener\\ts-screener.component.ts":{"path":"src\\app\\ts-screener\\ts-screener.component.ts","statementMap":{"1":{"start":{"line":1,"column":0},"end":{"line":1,"column":49}},"2":{"start":{"line":8,"column":32},"end":{"line":8,"column":0}},"3":{"start":{"line":12,"column":9},"end":{"line":13,"column":3}},"4":{"start":{"line":15,"column":0},"end":{"line":15,"column":1}},"5":{"start":{"line":8,"column":13},"end":{"line":15,"column":1}},"6":{"start":{"line":8,"column":13},"end":{"line":8,"column":32}}},"fnMap":{"1":{"name":"(anonymous_0)","line":8,"loc":{"start":{"line":8,"column":32},"end":{"line":8,"column":0}}},"2":{"name":"TsScreenerComponent","line":10,"loc":{"start":{"line":10,"column":2},"end":{"line":10,"column":19}}},"3":{"name":"(anonymous_2)","line":12,"loc":{"start":{"line":12,"column":2},"end":{"line":13,"column":3}}}},"branchMap":{},"s":{"1":1,"2":1,"3":1,"4":1,"5":1,"6":1},"b":{},"f":{"1":1,"2":1,"3":1},"l":{"1":1,"8":1,"12":1,"15":1}}}
